server(started, 1622675041).
/*Wed Jun  2 20:04:00 2021*/ request(1, 1622675040.743, [peer(ip(127,0,0,1)),method(get),request_uri(/),path(/),http_version(1-1),host(localhost),port(8000),user_agent('Mozilla/5.0 (X11; Ubuntu; Linux x86_64; rv:88.0) Gecko/20100101 Firefox/88.0'),connection('keep-alive'),upgrade_insecure_requests('1')]).
completed(1, 0.032650716, 1197, 200, ok).
/*Wed Jun  2 20:04:00 2021*/ request(2, 1622675040.908, [peer(ip(127,0,0,1)),method(get),request_uri('/css/all.min.css'),path('/css/all.min.css'),http_version(1-1),host(localhost),port(8000),user_agent('Mozilla/5.0 (X11; Ubuntu; Linux x86_64; rv:88.0) Gecko/20100101 Firefox/88.0'),connection('keep-alive'),referer('http://localhost:8000/')]).
completed(2, 0.004213027, 58935, 200, file('text/css; charset=UTF-8','/home/tayrone/Área de Trabalho/prolog/prologWeb/newStructure/css/all.min.css')).
/*Wed Jun  2 20:04:00 2021*/ request(3, 1622675040.925, [peer(ip(127,0,0,1)),method(get),request_uri('/css/entrada.css'),path('/css/entrada.css'),http_version(1-1),host(localhost),port(8000),user_agent('Mozilla/5.0 (X11; Ubuntu; Linux x86_64; rv:88.0) Gecko/20100101 Firefox/88.0'),connection('keep-alive'),referer('http://localhost:8000/')]).
completed(3, 0.001529041, 1615, 200, file('text/css; charset=UTF-8','/home/tayrone/Área de Trabalho/prolog/prologWeb/newStructure/css/entrada.css')).
/*Wed Jun  2 20:04:00 2021*/ request(4, 1622675040.936, [peer(ip(127,0,0,1)),method(get),request_uri('/js/bookmark.js'),path('/js/bookmark.js'),http_version(1-1),host(localhost),port(8000),user_agent('Mozilla/5.0 (X11; Ubuntu; Linux x86_64; rv:88.0) Gecko/20100101 Firefox/88.0'),connection('keep-alive'),referer('http://localhost:8000/')]).
completed(4, 0.001563594, 558, 200, file('text/javascript; charset=UTF-8','/home/tayrone/Área de Trabalho/prolog/prologWeb/newStructure/js/bookmark.js')).
/*Wed Jun  2 20:04:00 2021*/ request(5, 1622675040.951, [peer(ip(127,0,0,1)),method(get),request_uri('/js/rest.js'),path('/js/rest.js'),http_version(1-1),host(localhost),port(8000),user_agent('Mozilla/5.0 (X11; Ubuntu; Linux x86_64; rv:88.0) Gecko/20100101 Firefox/88.0'),connection('keep-alive'),referer('http://localhost:8000/')]).
completed(5, 0.0012748170000000001, 3965, 200, file('text/javascript; charset=UTF-8','/home/tayrone/Área de Trabalho/prolog/prologWeb/newStructure/js/rest.js')).
/*Wed Jun  2 20:04:00 2021*/ request(6, 1622675040.960, [peer(ip(127,0,0,1)),method(get),request_uri('/css/bootstrap.min.css'),path('/css/bootstrap.min.css'),http_version(1-1),host(localhost),port(8000),user_agent('Mozilla/5.0 (X11; Ubuntu; Linux x86_64; rv:88.0) Gecko/20100101 Firefox/88.0'),connection('keep-alive'),referer('http://localhost:8000/'),if_modified_since('Fri, 28 May 2021 22:14:04 GMT')]).
completed(6, 0.00484847, 145075, 200, file('text/css; charset=UTF-8','/home/tayrone/Área de Trabalho/prolog/prologWeb/newStructure/css/bootstrap.min.css')).
/*Wed Jun  2 20:04:00 2021*/ request(7, 1622675040.983, [peer(ip(127,0,0,1)),method(get),request_uri('/js/bootstrap.bundle.min.js'),path('/js/bootstrap.bundle.min.js'),http_version(1-1),host(localhost),port(8000),user_agent('Mozilla/5.0 (X11; Ubuntu; Linux x86_64; rv:88.0) Gecko/20100101 Firefox/88.0'),connection('keep-alive'),referer('http://localhost:8000/'),if_modified_since('Fri, 28 May 2021 22:14:04 GMT')]).
completed(7, 0.002844113, 84408, 200, file('text/javascript; charset=UTF-8','/home/tayrone/Área de Trabalho/prolog/prologWeb/newStructure/js/bootstrap.bundle.min.js')).
/*Wed Jun  2 20:04:01 2021*/ request(8, 1622675041.134, [peer(ip(127,0,0,1)),method(get),request_uri('/webfonts/fa-solid-900.woff2'),path('/webfonts/fa-solid-900.woff2'),http_version(1-1),host(localhost),port(8000),user_agent('Mozilla/5.0 (X11; Ubuntu; Linux x86_64; rv:88.0) Gecko/20100101 Firefox/88.0'),connection('keep-alive'),referer('http://localhost:8000/css/all.min.css')]).
completed(8, 0.002122824, 121, 404, not_found('/webfonts/fa-solid-900.woff2')).
/*Wed Jun  2 20:04:01 2021*/ request(9, 1622675041.262, [peer(ip(127,0,0,1)),method(get),request_uri('/webfonts/fa-solid-900.woff'),path('/webfonts/fa-solid-900.woff'),http_version(1-1),host(localhost),port(8000),user_agent('Mozilla/5.0 (X11; Ubuntu; Linux x86_64; rv:88.0) Gecko/20100101 Firefox/88.0'),connection('keep-alive'),referer('http://localhost:8000/css/all.min.css')]).
completed(9, 0.0007304220000000014, 119, 404, not_found('/webfonts/fa-solid-900.woff')).
/*Wed Jun  2 20:04:01 2021*/ request(10, 1622675041.283, [peer(ip(127,0,0,1)),method(get),request_uri('/webfonts/fa-solid-900.ttf'),path('/webfonts/fa-solid-900.ttf'),http_version(1-1),host(localhost),port(8000),user_agent('Mozilla/5.0 (X11; Ubuntu; Linux x86_64; rv:88.0) Gecko/20100101 Firefox/88.0'),connection('keep-alive'),referer('http://localhost:8000/css/all.min.css')]).
completed(10, 0.0006767359999999998, 117, 404, not_found('/webfonts/fa-solid-900.ttf')).
/*Wed Jun  2 20:04:08 2021*/ request(11, 1622675048.801, [peer(ip(127,0,0,1)),method(get),request_uri('/bookmark'),path('/bookmark'),http_version(1-1),host(localhost),port(8000),user_agent('Mozilla/5.0 (X11; Ubuntu; Linux x86_64; rv:88.0) Gecko/20100101 Firefox/88.0'),connection('keep-alive'),referer('http://localhost:8000/'),upgrade_insecure_requests('1')]).
completed(11, 0.00165999, 1090, 200, ok).
/*Wed Jun  2 20:04:08 2021*/ request(12, 1622675048.926, [peer(ip(127,0,0,1)),method(get),request_uri('/css/bootstrap.min.css'),path('/css/bootstrap.min.css'),http_version(1-1),host(localhost),port(8000),user_agent('Mozilla/5.0 (X11; Ubuntu; Linux x86_64; rv:88.0) Gecko/20100101 Firefox/88.0'),connection('keep-alive'),referer('http://localhost:8000/bookmark'),if_modified_since('Wed, 02 Jun 2021 23:02:26 GMT')]).
completed(12, 0.0007064810000000001, 0, 304, not_modified).
/*Wed Jun  2 20:04:08 2021*/ request(13, 1622675048.934, [peer(ip(127,0,0,1)),method(get),request_uri('/js/bookmark.js'),path('/js/bookmark.js'),http_version(1-1),host(localhost),port(8000),user_agent('Mozilla/5.0 (X11; Ubuntu; Linux x86_64; rv:88.0) Gecko/20100101 Firefox/88.0'),connection('keep-alive'),referer('http://localhost:8000/bookmark'),if_modified_since('Wed, 02 Jun 2021 23:02:26 GMT')]).
completed(13, 0.0006286099999999999, 0, 304, not_modified).
/*Wed Jun  2 20:04:08 2021*/ request(14, 1622675048.937, [peer(ip(127,0,0,1)),method(get),request_uri('/js/rest.js'),path('/js/rest.js'),http_version(1-1),host(localhost),port(8000),user_agent('Mozilla/5.0 (X11; Ubuntu; Linux x86_64; rv:88.0) Gecko/20100101 Firefox/88.0'),connection('keep-alive'),referer('http://localhost:8000/bookmark'),if_modified_since('Wed, 02 Jun 2021 23:02:26 GMT')]).
completed(14, 0.0005628219999999975, 0, 304, not_modified).
/*Wed Jun  2 20:04:08 2021*/ request(15, 1622675048.944, [peer(ip(127,0,0,1)),method(get),request_uri('/js/bootstrap.bundle.min.js'),path('/js/bootstrap.bundle.min.js'),http_version(1-1),host(localhost),port(8000),user_agent('Mozilla/5.0 (X11; Ubuntu; Linux x86_64; rv:88.0) Gecko/20100101 Firefox/88.0'),connection('keep-alive'),referer('http://localhost:8000/bookmark'),if_modified_since('Wed, 02 Jun 2021 23:02:26 GMT')]).
completed(15, 0.0006536240000000054, 0, 304, not_modified).
/*Wed Jun  2 20:04:55 2021*/ request(16, 1622675095.968, [peer(ip(127,0,0,1)),method(get),request_uri(/),path(/),http_version(1-1),host(localhost),port(8000),user_agent('Mozilla/5.0 (X11; Ubuntu; Linux x86_64; rv:88.0) Gecko/20100101 Firefox/88.0'),connection('keep-alive'),upgrade_insecure_requests('1')]).
completed(16, 0.001576853999999999, 1197, 200, ok).
/*Wed Jun  2 20:04:56 2021*/ request(17, 1622675096.110, [peer(ip(127,0,0,1)),method(get),request_uri('/css/all.min.css'),path('/css/all.min.css'),http_version(1-1),host(localhost),port(8000),user_agent('Mozilla/5.0 (X11; Ubuntu; Linux x86_64; rv:88.0) Gecko/20100101 Firefox/88.0'),connection('keep-alive'),referer('http://localhost:8000/'),if_modified_since('Wed, 02 Jun 2021 23:02:26 GMT')]).
completed(17, 0.0007746200000000002, 0, 304, not_modified).
/*Wed Jun  2 20:04:56 2021*/ request(18, 1622675096.114, [peer(ip(127,0,0,1)),method(get),request_uri('/css/bootstrap.min.css'),path('/css/bootstrap.min.css'),http_version(1-1),host(localhost),port(8000),user_agent('Mozilla/5.0 (X11; Ubuntu; Linux x86_64; rv:88.0) Gecko/20100101 Firefox/88.0'),connection('keep-alive'),referer('http://localhost:8000/'),if_modified_since('Wed, 02 Jun 2021 23:02:26 GMT')]).
completed(18, 0.0006338430000000003, 0, 304, not_modified).
/*Wed Jun  2 20:04:56 2021*/ request(19, 1622675096.119, [peer(ip(127,0,0,1)),method(get),request_uri('/css/entrada.css'),path('/css/entrada.css'),http_version(1-1),host(localhost),port(8000),user_agent('Mozilla/5.0 (X11; Ubuntu; Linux x86_64; rv:88.0) Gecko/20100101 Firefox/88.0'),connection('keep-alive'),referer('http://localhost:8000/'),if_modified_since('Wed, 02 Jun 2021 23:02:26 GMT')]).
completed(19, 0.0007102250000000001, 0, 304, not_modified).
/*Wed Jun  2 20:04:56 2021*/ request(20, 1622675096.128, [peer(ip(127,0,0,1)),method(get),request_uri('/js/bookmark.js'),path('/js/bookmark.js'),http_version(1-1),host(localhost),port(8000),user_agent('Mozilla/5.0 (X11; Ubuntu; Linux x86_64; rv:88.0) Gecko/20100101 Firefox/88.0'),connection('keep-alive'),referer('http://localhost:8000/'),if_modified_since('Wed, 02 Jun 2021 23:02:26 GMT')]).
completed(20, 0.0007482900000000004, 0, 304, not_modified).
/*Wed Jun  2 20:04:56 2021*/ request(21, 1622675096.130, [peer(ip(127,0,0,1)),method(get),request_uri('/js/rest.js'),path('/js/rest.js'),http_version(1-1),host(localhost),port(8000),user_agent('Mozilla/5.0 (X11; Ubuntu; Linux x86_64; rv:88.0) Gecko/20100101 Firefox/88.0'),connection('keep-alive'),referer('http://localhost:8000/'),if_modified_since('Wed, 02 Jun 2021 23:02:26 GMT')]).
completed(21, 0.0004837739999999993, 0, 304, not_modified).
/*Wed Jun  2 20:04:56 2021*/ request(22, 1622675096.133, [peer(ip(127,0,0,1)),method(get),request_uri('/js/bootstrap.bundle.min.js'),path('/js/bootstrap.bundle.min.js'),http_version(1-1),host(localhost),port(8000),user_agent('Mozilla/5.0 (X11; Ubuntu; Linux x86_64; rv:88.0) Gecko/20100101 Firefox/88.0'),connection('keep-alive'),referer('http://localhost:8000/'),if_modified_since('Wed, 02 Jun 2021 23:02:26 GMT')]).
completed(22, 0.000602367999999999, 0, 304, not_modified).
/*Wed Jun  2 20:04:56 2021*/ request(23, 1622675096.217, [peer(ip(127,0,0,1)),method(get),request_uri('/webfonts/fa-solid-900.woff2'),path('/webfonts/fa-solid-900.woff2'),http_version(1-1),host(localhost),port(8000),user_agent('Mozilla/5.0 (X11; Ubuntu; Linux x86_64; rv:88.0) Gecko/20100101 Firefox/88.0'),connection('keep-alive'),referer('http://localhost:8000/css/all.min.css')]).
completed(23, 0.0007394250000000002, 121, 404, not_found('/webfonts/fa-solid-900.woff2')).
/*Wed Jun  2 20:04:56 2021*/ request(24, 1622675096.285, [peer(ip(127,0,0,1)),method(get),request_uri('/webfonts/fa-solid-900.woff'),path('/webfonts/fa-solid-900.woff'),http_version(1-1),host(localhost),port(8000),user_agent('Mozilla/5.0 (X11; Ubuntu; Linux x86_64; rv:88.0) Gecko/20100101 Firefox/88.0'),connection('keep-alive'),referer('http://localhost:8000/css/all.min.css')]).
completed(24, 0.000699279000000004, 119, 404, not_found('/webfonts/fa-solid-900.woff')).
/*Wed Jun  2 20:04:56 2021*/ request(25, 1622675096.302, [peer(ip(127,0,0,1)),method(get),request_uri('/webfonts/fa-solid-900.ttf'),path('/webfonts/fa-solid-900.ttf'),http_version(1-1),host(localhost),port(8000),user_agent('Mozilla/5.0 (X11; Ubuntu; Linux x86_64; rv:88.0) Gecko/20100101 Firefox/88.0'),connection('keep-alive'),referer('http://localhost:8000/css/all.min.css')]).
completed(25, 0.0007144990000000004, 117, 404, not_found('/webfonts/fa-solid-900.ttf')).
/*Wed Jun  2 20:06:18 2021*/ request(26, 1622675178.065, [peer(ip(127,0,0,1)),method(get),request_uri('/webfonts/fa-solid-900.woff2'),path('/webfonts/fa-solid-900.woff2'),http_version(1-1),host(localhost),port(8000),user_agent('Mozilla/5.0 (X11; Ubuntu; Linux x86_64; rv:88.0) Gecko/20100101 Firefox/88.0'),connection('keep-alive'),referer('http://localhost:8000/css/all.min.css')]).
completed(26, 0.0006896049999999994, 121, 404, not_found('/webfonts/fa-solid-900.woff2')).
/*Wed Jun  2 20:06:18 2021*/ request(27, 1622675178.197, [peer(ip(127,0,0,1)),method(get),request_uri('/webfonts/fa-solid-900.woff'),path('/webfonts/fa-solid-900.woff'),http_version(1-1),host(localhost),port(8000),user_agent('Mozilla/5.0 (X11; Ubuntu; Linux x86_64; rv:88.0) Gecko/20100101 Firefox/88.0'),connection('keep-alive'),referer('http://localhost:8000/css/all.min.css')]).
completed(27, 0.0006762160000000003, 119, 404, not_found('/webfonts/fa-solid-900.woff')).
/*Wed Jun  2 20:06:18 2021*/ request(28, 1622675178.583, [peer(ip(127,0,0,1)),method(get),request_uri('/webfonts/fa-solid-900.ttf'),path('/webfonts/fa-solid-900.ttf'),http_version(1-1),host(localhost),port(8000),user_agent('Mozilla/5.0 (X11; Ubuntu; Linux x86_64; rv:88.0) Gecko/20100101 Firefox/88.0'),connection('keep-alive'),referer('http://localhost:8000/css/all.min.css')]).
completed(28, 0.0007587070000000008, 117, 404, not_found('/webfonts/fa-solid-900.ttf')).
/*Wed Jun  2 20:06:18 2021*/ request(29, 1622675178.984, [peer(ip(127,0,0,1)),method(get),request_uri('/css/bootstrap.min.css.map'),path('/css/bootstrap.min.css.map'),http_version(1-1),host(localhost),port(8000),user_agent('Mozilla/5.0 (X11; Ubuntu; Linux x86_64; rv:88.0) Gecko/20100101 Firefox/88.0'),connection('keep-alive')]).
completed(29, 0.015059638, 588906, 200, file('application/unknown','/home/tayrone/Área de Trabalho/prolog/prologWeb/newStructure/css/bootstrap.min.css.map')).
server(stopped, 1622676167).
server(started, 1622676955).
/*Wed Jun  2 20:35:55 2021*/ request(1, 1622676955.313, [peer(ip(127,0,0,1)),method(get),request_uri(/),path(/),http_version(1-1),host(localhost),port(8000),user_agent('Mozilla/5.0 (X11; Ubuntu; Linux x86_64; rv:88.0) Gecko/20100101 Firefox/88.0'),connection('keep-alive'),upgrade_insecure_requests('1'),cache_control('max-age=0')]).
completed(1, 0.031773433999999996, 870, 200, ok).
/*Wed Jun  2 20:35:55 2021*/ request(2, 1622676955.510, [peer(ip(127,0,0,1)),method(get),request_uri('/css/all.min.css'),path('/css/all.min.css'),http_version(1-1),host(localhost),port(8000),user_agent('Mozilla/5.0 (X11; Ubuntu; Linux x86_64; rv:88.0) Gecko/20100101 Firefox/88.0'),connection('keep-alive'),referer('http://localhost:8000/'),cache_control('max-age=0')]).
completed(2, 0.003975278, 58935, 200, file('text/css; charset=UTF-8','/home/tayrone/Área de Trabalho/prolog/prologWeb/newStructure/css/all.min.css')).
/*Wed Jun  2 20:35:55 2021*/ request(3, 1622676955.517, [peer(ip(127,0,0,1)),method(get),request_uri('/css/bootstrap.min.css'),path('/css/bootstrap.min.css'),http_version(1-1),host(localhost),port(8000),user_agent('Mozilla/5.0 (X11; Ubuntu; Linux x86_64; rv:88.0) Gecko/20100101 Firefox/88.0'),connection('keep-alive'),referer('http://localhost:8000/'),cache_control('max-age=0')]).
completed(3, 0.004589775999999999, 145075, 200, file('text/css; charset=UTF-8','/home/tayrone/Área de Trabalho/prolog/prologWeb/newStructure/css/bootstrap.min.css')).
/*Wed Jun  2 20:35:55 2021*/ request(4, 1622676955.534, [peer(ip(127,0,0,1)),method(get),request_uri('/js/bookmark.js'),path('/js/bookmark.js'),http_version(1-1),host(localhost),port(8000),user_agent('Mozilla/5.0 (X11; Ubuntu; Linux x86_64; rv:88.0) Gecko/20100101 Firefox/88.0'),connection('keep-alive'),referer('http://localhost:8000/'),cache_control('max-age=0')]).
/*Wed Jun  2 20:35:55 2021*/ request(5, 1622676955.537, [peer(ip(127,0,0,1)),method(get),request_uri('/js/rest.js'),path('/js/rest.js'),http_version(1-1),host(localhost),port(8000),user_agent('Mozilla/5.0 (X11; Ubuntu; Linux x86_64; rv:88.0) Gecko/20100101 Firefox/88.0'),connection('keep-alive'),referer('http://localhost:8000/'),cache_control('max-age=0')]).
/*Wed Jun  2 20:35:55 2021*/ request(6, 1622676955.537, [peer(ip(127,0,0,1)),method(get),request_uri('/js/bootstrap.bundle.min.js'),path('/js/bootstrap.bundle.min.js'),http_version(1-1),host(localhost),port(8000),user_agent('Mozilla/5.0 (X11; Ubuntu; Linux x86_64; rv:88.0) Gecko/20100101 Firefox/88.0'),connection('keep-alive'),referer('http://localhost:8000/'),cache_control('max-age=0')]).
completed(6, 0.0029495120000000014, 84408, 200, file('text/javascript; charset=UTF-8','/home/tayrone/Área de Trabalho/prolog/prologWeb/newStructure/js/bootstrap.bundle.min.js')).
completed(4, 0.001751131, 558, 200, file('text/javascript; charset=UTF-8','/home/tayrone/Área de Trabalho/prolog/prologWeb/newStructure/js/bookmark.js')).
completed(5, 0.0018113970000000002, 3965, 200, file('text/javascript; charset=UTF-8','/home/tayrone/Área de Trabalho/prolog/prologWeb/newStructure/js/rest.js')).
/*Wed Jun  2 20:35:58 2021*/ request(7, 1622676958.320, [peer(ip(127,0,0,1)),method(get),request_uri('/pessoas'),path('/pessoas'),http_version(1-1),host(localhost),port(8000),user_agent('Mozilla/5.0 (X11; Ubuntu; Linux x86_64; rv:88.0) Gecko/20100101 Firefox/88.0'),connection('keep-alive'),referer('http://localhost:8000/'),upgrade_insecure_requests('1')]).
completed(7, 0.0016643050000000005, 1593, 200, ok).
/*Wed Jun  2 20:36:02 2021*/ request(8, 1622676962.073, [peer(ip(127,0,0,1)),method(get),request_uri(/),path(/),http_version(1-1),host(localhost),port(8000),user_agent('Mozilla/5.0 (X11; Ubuntu; Linux x86_64; rv:88.0) Gecko/20100101 Firefox/88.0'),connection('keep-alive'),referer('http://localhost:8000/pessoas'),upgrade_insecure_requests('1')]).
completed(8, 0.0016010909999999998, 870, 200, ok).
/*Wed Jun  2 20:36:03 2021*/ request(9, 1622676963.295, [peer(ip(127,0,0,1)),method(get),request_uri('/produtos'),path('/produtos'),http_version(1-1),host(localhost),port(8000),user_agent('Mozilla/5.0 (X11; Ubuntu; Linux x86_64; rv:88.0) Gecko/20100101 Firefox/88.0'),connection('keep-alive'),referer('http://localhost:8000/'),upgrade_insecure_requests('1')]).
completed(9, 0.00163759, 1493, 200, ok).
/*Wed Jun  2 20:36:05 2021*/ request(10, 1622676965.140, [peer(ip(127,0,0,1)),method(get),request_uri(/),path(/),http_version(1-1),host(localhost),port(8000),user_agent('Mozilla/5.0 (X11; Ubuntu; Linux x86_64; rv:88.0) Gecko/20100101 Firefox/88.0'),connection('keep-alive'),referer('http://localhost:8000/produtos'),upgrade_insecure_requests('1')]).
completed(10, 0.0011841049999999995, 870, 200, ok).
server(stopped, 1622677024).
server(started, 1622677037).
/*Wed Jun  2 20:37:17 2021*/ request(1, 1622677037.320, [peer(ip(127,0,0,1)),method(get),request_uri(/),path(/),http_version(1-1),host(localhost),port(8000),user_agent('Mozilla/5.0 (X11; Ubuntu; Linux x86_64; rv:88.0) Gecko/20100101 Firefox/88.0'),referer('http://localhost:8000/produtos'),connection('keep-alive'),upgrade_insecure_requests('1'),cache_control('max-age=0')]).
completed(1, 0.032100895000000004, 870, 200, ok).
/*Wed Jun  2 20:37:17 2021*/ request(2, 1622677037.368, [peer(ip(127,0,0,1)),method(get),request_uri('/js/bookmark.js'),path('/js/bookmark.js'),http_version(1-1),host(localhost),port(8000),user_agent('Mozilla/5.0 (X11; Ubuntu; Linux x86_64; rv:88.0) Gecko/20100101 Firefox/88.0'),connection('keep-alive'),referer('http://localhost:8000/'),if_modified_since('Wed, 02 Jun 2021 23:02:26 GMT'),cache_control('max-age=0')]).
completed(2, 0.002858068, 0, 304, not_modified).
/*Wed Jun  2 20:37:17 2021*/ request(3, 1622677037.380, [peer(ip(127,0,0,1)),method(get),request_uri('/js/rest.js'),path('/js/rest.js'),http_version(1-1),host(localhost),port(8000),user_agent('Mozilla/5.0 (X11; Ubuntu; Linux x86_64; rv:88.0) Gecko/20100101 Firefox/88.0'),connection('keep-alive'),referer('http://localhost:8000/'),if_modified_since('Wed, 02 Jun 2021 23:02:26 GMT'),cache_control('max-age=0')]).
completed(3, 0.0007039949999999998, 0, 304, not_modified).
/*Wed Jun  2 20:37:17 2021*/ request(4, 1622677037.385, [peer(ip(127,0,0,1)),method(get),request_uri('/js/bootstrap.bundle.min.js'),path('/js/bootstrap.bundle.min.js'),http_version(1-1),host(localhost),port(8000),user_agent('Mozilla/5.0 (X11; Ubuntu; Linux x86_64; rv:88.0) Gecko/20100101 Firefox/88.0'),connection('keep-alive'),referer('http://localhost:8000/'),if_modified_since('Wed, 02 Jun 2021 23:02:26 GMT'),cache_control('max-age=0')]).
completed(4, 0.001016054, 0, 304, not_modified).
/*Wed Jun  2 20:37:18 2021*/ request(5, 1622677038.482, [peer(ip(127,0,0,1)),method(get),request_uri('/pessoas'),path('/pessoas'),http_version(1-1),host(localhost),port(8000),user_agent('Mozilla/5.0 (X11; Ubuntu; Linux x86_64; rv:88.0) Gecko/20100101 Firefox/88.0'),connection('keep-alive'),referer('http://localhost:8000/'),upgrade_insecure_requests('1')]).
completed(5, 0.0018910620000000002, 1593, 200, ok).
/*Wed Jun  2 20:37:19 2021*/ request(6, 1622677039.801, [peer(ip(127,0,0,1)),method(get),request_uri(/),path(/),http_version(1-1),host(localhost),port(8000),user_agent('Mozilla/5.0 (X11; Ubuntu; Linux x86_64; rv:88.0) Gecko/20100101 Firefox/88.0'),connection('keep-alive'),referer('http://localhost:8000/pessoas'),upgrade_insecure_requests('1')]).
completed(6, 0.0021690810000000002, 870, 200, ok).
/*Wed Jun  2 20:37:20 2021*/ request(7, 1622677040.835, [peer(ip(127,0,0,1)),method(get),request_uri('/produtos'),path('/produtos'),http_version(1-1),host(localhost),port(8000),user_agent('Mozilla/5.0 (X11; Ubuntu; Linux x86_64; rv:88.0) Gecko/20100101 Firefox/88.0'),connection('keep-alive'),referer('http://localhost:8000/'),upgrade_insecure_requests('1')]).
completed(7, 0.00143303, 1493, 200, ok).
/*Wed Jun  2 21:40:04 2021*/ request(8, 1622680804.989, [peer(ip(127,0,0,1)),method(get),request_uri('/produtos'),path('/produtos'),http_version(1-1),host(localhost),port(8000),user_agent('Mozilla/5.0 (X11; Ubuntu; Linux x86_64; rv:88.0) Gecko/20100101 Firefox/88.0'),referer('http://localhost:8000/'),connection('keep-alive'),upgrade_insecure_requests('1'),cache_control('max-age=0')]).
completed(8, 0.001494833000000001, 1493, 200, ok).
/*Wed Jun  2 21:40:05 2021*/ request(9, 1622680805.047, [peer(ip(127,0,0,1)),method(get),request_uri('/css/bootstrap.min.css'),path('/css/bootstrap.min.css'),http_version(1-1),host(localhost),port(8000),user_agent('Mozilla/5.0 (X11; Ubuntu; Linux x86_64; rv:88.0) Gecko/20100101 Firefox/88.0'),connection('keep-alive'),referer('http://localhost:8000/produtos'),if_modified_since('Wed, 02 Jun 2021 23:02:26 GMT'),cache_control('max-age=0')]).
completed(9, 0.0009340509999999913, 0, 304, not_modified).
/*Wed Jun  2 21:40:05 2021*/ request(10, 1622680805.053, [peer(ip(127,0,0,1)),method(get),request_uri('/js/bootstrap.bundle.min.js'),path('/js/bootstrap.bundle.min.js'),http_version(1-1),host(localhost),port(8000),user_agent('Mozilla/5.0 (X11; Ubuntu; Linux x86_64; rv:88.0) Gecko/20100101 Firefox/88.0'),connection('keep-alive'),referer('http://localhost:8000/produtos'),if_modified_since('Wed, 02 Jun 2021 23:02:26 GMT'),cache_control('max-age=0')]).
completed(10, 0.000882756999999984, 0, 304, not_modified).
server(stopped, 1622680815).
server(started, 1622680853).
/*Wed Jun  2 21:40:52 2021*/ request(1, 1622680852.692, [peer(ip(127,0,0,1)),method(get),request_uri(/),path(/),http_version(1-1),host(localhost),port(8000),user_agent('Mozilla/5.0 (X11; Ubuntu; Linux x86_64; rv:88.0) Gecko/20100101 Firefox/88.0'),connection('keep-alive'),upgrade_insecure_requests('1')]).
completed(1, 0.030498878, 870, 200, ok).
/*Wed Jun  2 21:40:52 2021*/ request(2, 1622680852.850, [peer(ip(127,0,0,1)),method(get),request_uri('/css/all.min.css'),path('/css/all.min.css'),http_version(1-1),host(localhost),port(8000),user_agent('Mozilla/5.0 (X11; Ubuntu; Linux x86_64; rv:88.0) Gecko/20100101 Firefox/88.0'),connection('keep-alive'),referer('http://localhost:8000/')]).
completed(2, 0.004062904000000001, 58935, 200, file('text/css; charset=UTF-8','/home/tayrone/Área de Trabalho/prolog/prologWeb/newStructure/css/all.min.css')).
/*Wed Jun  2 21:40:52 2021*/ request(3, 1622680852.870, [peer(ip(127,0,0,1)),method(get),request_uri('/css/bootstrap.min.css'),path('/css/bootstrap.min.css'),http_version(1-1),host(localhost),port(8000),user_agent('Mozilla/5.0 (X11; Ubuntu; Linux x86_64; rv:88.0) Gecko/20100101 Firefox/88.0'),connection('keep-alive'),referer('http://localhost:8000/')]).
completed(3, 0.0038281260000000003, 145075, 200, file('text/css; charset=UTF-8','/home/tayrone/Área de Trabalho/prolog/prologWeb/newStructure/css/bootstrap.min.css')).
/*Wed Jun  2 21:40:52 2021*/ request(4, 1622680852.879, [peer(ip(127,0,0,1)),method(get),request_uri('/js/bookmark.js'),path('/js/bookmark.js'),http_version(1-1),host(localhost),port(8000),user_agent('Mozilla/5.0 (X11; Ubuntu; Linux x86_64; rv:88.0) Gecko/20100101 Firefox/88.0'),connection('keep-alive'),referer('http://localhost:8000/'),if_modified_since('Wed, 02 Jun 2021 23:02:26 GMT')]).
completed(4, 0.002419682, 0, 304, not_modified).
/*Wed Jun  2 21:40:52 2021*/ request(5, 1622680852.885, [peer(ip(127,0,0,1)),method(get),request_uri('/js/rest.js'),path('/js/rest.js'),http_version(1-1),host(localhost),port(8000),user_agent('Mozilla/5.0 (X11; Ubuntu; Linux x86_64; rv:88.0) Gecko/20100101 Firefox/88.0'),connection('keep-alive'),referer('http://localhost:8000/'),if_modified_since('Wed, 02 Jun 2021 23:02:26 GMT')]).
completed(5, 0.000882538, 0, 304, not_modified).
/*Wed Jun  2 21:40:52 2021*/ request(6, 1622680852.890, [peer(ip(127,0,0,1)),method(get),request_uri('/js/bootstrap.bundle.min.js'),path('/js/bootstrap.bundle.min.js'),http_version(1-1),host(localhost),port(8000),user_agent('Mozilla/5.0 (X11; Ubuntu; Linux x86_64; rv:88.0) Gecko/20100101 Firefox/88.0'),connection('keep-alive'),referer('http://localhost:8000/'),if_modified_since('Wed, 02 Jun 2021 23:02:26 GMT')]).
completed(6, 0.0008327480000000012, 0, 304, not_modified).
/*Wed Jun  2 21:40:54 2021*/ request(7, 1622680854.193, [peer(ip(127,0,0,1)),method(get),request_uri('/pessoas'),path('/pessoas'),http_version(1-1),host(localhost),port(8000),user_agent('Mozilla/5.0 (X11; Ubuntu; Linux x86_64; rv:88.0) Gecko/20100101 Firefox/88.0'),connection('keep-alive'),referer('http://localhost:8000/'),upgrade_insecure_requests('1')]).
completed(7, 0.001724203, 1593, 200, ok).
/*Wed Jun  2 21:40:54 2021*/ request(8, 1622680854.279, [peer(ip(127,0,0,1)),method(get),request_uri('/js/bootstrap.bundle.min.js'),path('/js/bootstrap.bundle.min.js'),http_version(1-1),host(localhost),port(8000),user_agent('Mozilla/5.0 (X11; Ubuntu; Linux x86_64; rv:88.0) Gecko/20100101 Firefox/88.0'),connection('keep-alive'),referer('http://localhost:8000/pessoas'),if_modified_since('Wed, 02 Jun 2021 23:02:26 GMT')]).
completed(8, 0.000677129999999998, 0, 304, not_modified).
/*Wed Jun  2 21:40:57 2021*/ request(9, 1622680857.254, [peer(ip(127,0,0,1)),method(get),request_uri('/produtos'),path('/produtos'),http_version(1-1),host(localhost),port(8000),user_agent('Mozilla/5.0 (X11; Ubuntu; Linux x86_64; rv:88.0) Gecko/20100101 Firefox/88.0'),connection('keep-alive'),referer('http://localhost:8000/'),upgrade_insecure_requests('1')]).
completed(9, 0.0015040349999999938, 1493, 200, ok).
/*Wed Jun  2 21:40:57 2021*/ request(10, 1622680857.327, [peer(ip(127,0,0,1)),method(get),request_uri('/js/bootstrap.bundle.min.js'),path('/js/bootstrap.bundle.min.js'),http_version(1-1),host(localhost),port(8000),user_agent('Mozilla/5.0 (X11; Ubuntu; Linux x86_64; rv:88.0) Gecko/20100101 Firefox/88.0'),connection('keep-alive'),referer('http://localhost:8000/produtos'),if_modified_since('Wed, 02 Jun 2021 23:02:26 GMT')]).
completed(10, 0.0007200870000000003, 0, 304, not_modified).
server(stopped, 1622683492).
server(started, 1622686042).
/*Wed Jun  2 23:07:21 2021*/ request(1, 1622686041.806, [peer(ip(127,0,0,1)),method(get),request_uri('/produtos'),path('/produtos'),http_version(1-1),host(localhost),port(8000),user_agent('Mozilla/5.0 (X11; Ubuntu; Linux x86_64; rv:88.0) Gecko/20100101 Firefox/88.0'),referer('http://localhost:8000/'),connection('keep-alive'),upgrade_insecure_requests('1'),cache_control('max-age=0')]).
completed(1, 0.025858254, 1735, 200, ok).
/*Wed Jun  2 23:07:21 2021*/ request(2, 1622686041.852, [peer(ip(127,0,0,1)),method(get),request_uri('/css/bootstrap.min.css'),path('/css/bootstrap.min.css'),http_version(1-1),host(localhost),port(8000),user_agent('Mozilla/5.0 (X11; Ubuntu; Linux x86_64; rv:88.0) Gecko/20100101 Firefox/88.0'),connection('keep-alive'),referer('http://localhost:8000/produtos'),if_modified_since('Wed, 02 Jun 2021 23:02:26 GMT'),cache_control('max-age=0')]).
completed(2, 0.002607742, 0, 304, not_modified).
/*Wed Jun  2 23:07:21 2021*/ request(3, 1622686041.860, [peer(ip(127,0,0,1)),method(get),request_uri('/js/bootstrap.bundle.min.js'),path('/js/bootstrap.bundle.min.js'),http_version(1-1),host(localhost),port(8000),user_agent('Mozilla/5.0 (X11; Ubuntu; Linux x86_64; rv:88.0) Gecko/20100101 Firefox/88.0'),connection('keep-alive'),referer('http://localhost:8000/produtos'),if_modified_since('Wed, 02 Jun 2021 23:02:26 GMT'),cache_control('max-age=0')]).
completed(3, 0.000904955, 0, 304, not_modified).
/*Wed Jun  2 23:07:48 2021*/ request(4, 1622686068.599, [peer(ip(127,0,0,1)),method(get),request_uri('/css/bootstrap.min.css.map'),path('/css/bootstrap.min.css.map'),http_version(1-1),host(localhost),port(8000),user_agent('Mozilla/5.0 (X11; Ubuntu; Linux x86_64; rv:88.0) Gecko/20100101 Firefox/88.0'),connection('keep-alive'),if_modified_since('Wed, 02 Jun 2021 23:02:26 GMT'),cache_control('max-age=0')]).
completed(4, 0.0009409100000000031, 0, 304, not_modified).
/*Wed Jun  2 23:07:54 2021*/ request(5, 1622686074.525, [peer(ip(127,0,0,1)),method(get),request_uri('/js/bootstrap.bundle.min.js.map'),path('/js/bootstrap.bundle.min.js.map'),http_version(1-1),host(localhost),port(8000),user_agent('Mozilla/5.0 (X11; Ubuntu; Linux x86_64; rv:88.0) Gecko/20100101 Firefox/88.0'),connection('keep-alive')]).
completed(5, 0.007766661, 338719, 200, file('application/unknown','/home/tayrone/Área de Trabalho/prolog/prologWeb/newStructure/js/bootstrap.bundle.min.js.map')).
/*Wed Jun  2 23:07:57 2021*/ request(6, 1622686077.685, [peer(ip(127,0,0,1)),method(get),request_uri('/produtos'),path('/produtos'),http_version(1-1),host(localhost),port(8000),user_agent('Mozilla/5.0 (X11; Ubuntu; Linux x86_64; rv:88.0) Gecko/20100101 Firefox/88.0'),referer('http://localhost:8000/'),connection('keep-alive'),upgrade_insecure_requests('1'),cache_control('max-age=0')]).
completed(6, 0.001477074, 1735, 200, ok).
/*Wed Jun  2 23:07:57 2021*/ request(7, 1622686077.749, [peer(ip(127,0,0,1)),method(get),request_uri('/css/bootstrap.min.css'),path('/css/bootstrap.min.css'),http_version(1-1),host(localhost),port(8000),user_agent('Mozilla/5.0 (X11; Ubuntu; Linux x86_64; rv:88.0) Gecko/20100101 Firefox/88.0'),connection('keep-alive'),referer('http://localhost:8000/produtos'),if_modified_since('Wed, 02 Jun 2021 23:02:26 GMT'),cache_control('max-age=0')]).
completed(7, 0.0010123979999999994, 0, 304, not_modified).
/*Wed Jun  2 23:07:57 2021*/ request(8, 1622686077.764, [peer(ip(127,0,0,1)),method(get),request_uri('/js/bootstrap.bundle.min.js'),path('/js/bootstrap.bundle.min.js'),http_version(1-1),host(localhost),port(8000),user_agent('Mozilla/5.0 (X11; Ubuntu; Linux x86_64; rv:88.0) Gecko/20100101 Firefox/88.0'),connection('keep-alive'),referer('http://localhost:8000/produtos'),if_modified_since('Wed, 02 Jun 2021 23:02:26 GMT'),cache_control('max-age=0')]).
completed(8, 0.0006828379999999998, 0, 304, not_modified).
/*Wed Jun  2 23:07:58 2021*/ request(9, 1622686078.199, [peer(ip(127,0,0,1)),method(get),request_uri('/js/bootstrap.bundle.min.js.map'),path('/js/bootstrap.bundle.min.js.map'),http_version(1-1),host(localhost),port(8000),user_agent('Mozilla/5.0 (X11; Ubuntu; Linux x86_64; rv:88.0) Gecko/20100101 Firefox/88.0'),connection('keep-alive'),if_modified_since('Wed, 02 Jun 2021 23:02:26 GMT'),cache_control('max-age=0')]).
completed(9, 0.0006497250000000003, 0, 304, not_modified).
/*Wed Jun  2 23:07:58 2021*/ request(10, 1622686078.785, [peer(ip(127,0,0,1)),method(get),request_uri('/css/bootstrap.min.css.map'),path('/css/bootstrap.min.css.map'),http_version(1-1),host(localhost),port(8000),user_agent('Mozilla/5.0 (X11; Ubuntu; Linux x86_64; rv:88.0) Gecko/20100101 Firefox/88.0'),connection('keep-alive'),if_modified_since('Wed, 02 Jun 2021 23:02:26 GMT'),cache_control('max-age=0')]).
completed(10, 0.0006854249999999999, 0, 304, not_modified).
server(stopped, 1622686392).
server(started, 1622686413).
/*Wed Jun  2 23:13:32 2021*/ request(1, 1622686412.678, [peer(ip(127,0,0,1)),method(get),request_uri(/),path(/),http_version(1-1),host(localhost),port(8000),user_agent('Mozilla/5.0 (X11; Ubuntu; Linux x86_64; rv:88.0) Gecko/20100101 Firefox/88.0'),connection('keep-alive'),upgrade_insecure_requests('1')]).
completed(1, 0.027478506, 870, 200, ok).
/*Wed Jun  2 23:13:32 2021*/ request(2, 1622686412.819, [peer(ip(127,0,0,1)),method(get),request_uri('/css/all.min.css'),path('/css/all.min.css'),http_version(1-1),host(localhost),port(8000),user_agent('Mozilla/5.0 (X11; Ubuntu; Linux x86_64; rv:88.0) Gecko/20100101 Firefox/88.0'),connection('keep-alive'),referer('http://localhost:8000/'),if_modified_since('Wed, 02 Jun 2021 23:02:26 GMT')]).
completed(2, 0.0025412959999999997, 0, 304, not_modified).
/*Wed Jun  2 23:13:32 2021*/ request(3, 1622686412.833, [peer(ip(127,0,0,1)),method(get),request_uri('/css/bootstrap.min.css'),path('/css/bootstrap.min.css'),http_version(1-1),host(localhost),port(8000),user_agent('Mozilla/5.0 (X11; Ubuntu; Linux x86_64; rv:88.0) Gecko/20100101 Firefox/88.0'),connection('keep-alive'),referer('http://localhost:8000/'),if_modified_since('Wed, 02 Jun 2021 23:02:26 GMT')]).
completed(3, 0.000883885, 0, 304, not_modified).
/*Wed Jun  2 23:13:32 2021*/ request(4, 1622686412.836, [peer(ip(127,0,0,1)),method(get),request_uri('/js/bookmark.js'),path('/js/bookmark.js'),http_version(1-1),host(localhost),port(8000),user_agent('Mozilla/5.0 (X11; Ubuntu; Linux x86_64; rv:88.0) Gecko/20100101 Firefox/88.0'),connection('keep-alive'),referer('http://localhost:8000/'),if_modified_since('Wed, 02 Jun 2021 23:02:26 GMT')]).
completed(4, 0.0007885809999999999, 0, 304, not_modified).
/*Wed Jun  2 23:13:32 2021*/ request(5, 1622686412.841, [peer(ip(127,0,0,1)),method(get),request_uri('/js/rest.js'),path('/js/rest.js'),http_version(1-1),host(localhost),port(8000),user_agent('Mozilla/5.0 (X11; Ubuntu; Linux x86_64; rv:88.0) Gecko/20100101 Firefox/88.0'),connection('keep-alive'),referer('http://localhost:8000/'),if_modified_since('Wed, 02 Jun 2021 23:02:26 GMT')]).
completed(5, 0.0006894569999999999, 0, 304, not_modified).
/*Wed Jun  2 23:13:32 2021*/ request(6, 1622686412.845, [peer(ip(127,0,0,1)),method(get),request_uri('/js/bootstrap.bundle.min.js'),path('/js/bootstrap.bundle.min.js'),http_version(1-1),host(localhost),port(8000),user_agent('Mozilla/5.0 (X11; Ubuntu; Linux x86_64; rv:88.0) Gecko/20100101 Firefox/88.0'),connection('keep-alive'),referer('http://localhost:8000/'),if_modified_since('Wed, 02 Jun 2021 23:02:26 GMT')]).
completed(6, 0.000744724, 0, 304, not_modified).
/*Wed Jun  2 23:13:33 2021*/ request(7, 1622686413.151, [peer(ip(127,0,0,1)),method(get),request_uri('/js/bootstrap.bundle.min.js.map'),path('/js/bootstrap.bundle.min.js.map'),http_version(1-1),host(localhost),port(8000),user_agent('Mozilla/5.0 (X11; Ubuntu; Linux x86_64; rv:88.0) Gecko/20100101 Firefox/88.0'),connection('keep-alive'),if_modified_since('Wed, 02 Jun 2021 23:02:26 GMT'),cache_control('max-age=0')]).
completed(7, 0.00098263, 0, 304, not_modified).
/*Wed Jun  2 23:13:33 2021*/ request(8, 1622686413.721, [peer(ip(127,0,0,1)),method(get),request_uri('/css/bootstrap.min.css.map'),path('/css/bootstrap.min.css.map'),http_version(1-1),host(localhost),port(8000),user_agent('Mozilla/5.0 (X11; Ubuntu; Linux x86_64; rv:88.0) Gecko/20100101 Firefox/88.0'),connection('keep-alive'),if_modified_since('Wed, 02 Jun 2021 23:02:26 GMT'),cache_control('max-age=0')]).
completed(8, 0.000842845, 0, 304, not_modified).
/*Wed Jun  2 23:13:34 2021*/ request(9, 1622686414.706, [peer(ip(127,0,0,1)),method(get),request_uri('/produtos'),path('/produtos'),http_version(1-1),host(localhost),port(8000),user_agent('Mozilla/5.0 (X11; Ubuntu; Linux x86_64; rv:88.0) Gecko/20100101 Firefox/88.0'),connection('keep-alive'),referer('http://localhost:8000/'),upgrade_insecure_requests('1')]).
completed(9, 0.0012048990000000002, 715, 200, ok).
/*Wed Jun  2 23:13:34 2021*/ request(10, 1622686414.939, [peer(ip(127,0,0,1)),method(get),request_uri('/css/bootstrap.min.css'),path('/css/bootstrap.min.css'),http_version(1-1),host(localhost),port(8000),user_agent('Mozilla/5.0 (X11; Ubuntu; Linux x86_64; rv:88.0) Gecko/20100101 Firefox/88.0'),connection('keep-alive'),referer('http://localhost:8000/produtos'),if_modified_since('Wed, 02 Jun 2021 23:02:26 GMT')]).
completed(10, 0.0008214979999999999, 0, 304, not_modified).
/*Wed Jun  2 23:13:34 2021*/ request(11, 1622686414.982, [peer(ip(127,0,0,1)),method(get),request_uri('/js/bootstrap.bundle.min.js'),path('/js/bootstrap.bundle.min.js'),http_version(1-1),host(localhost),port(8000),user_agent('Mozilla/5.0 (X11; Ubuntu; Linux x86_64; rv:88.0) Gecko/20100101 Firefox/88.0'),connection('keep-alive'),referer('http://localhost:8000/produtos'),if_modified_since('Wed, 02 Jun 2021 23:02:26 GMT')]).
completed(11, 0.0007327340000000001, 0, 304, not_modified).
/*Wed Jun  2 23:13:35 2021*/ request(12, 1622686415.174, [peer(ip(127,0,0,1)),method(get),request_uri('/js/bootstrap.bundle.min.js.map'),path('/js/bootstrap.bundle.min.js.map'),http_version(1-1),host(localhost),port(8000),user_agent('Mozilla/5.0 (X11; Ubuntu; Linux x86_64; rv:88.0) Gecko/20100101 Firefox/88.0'),connection('keep-alive'),if_modified_since('Wed, 02 Jun 2021 23:02:26 GMT'),cache_control('max-age=0')]).
completed(12, 0.0007054910000000001, 0, 304, not_modified).
/*Wed Jun  2 23:13:35 2021*/ request(13, 1622686415.712, [peer(ip(127,0,0,1)),method(get),request_uri('/css/bootstrap.min.css.map'),path('/css/bootstrap.min.css.map'),http_version(1-1),host(localhost),port(8000),user_agent('Mozilla/5.0 (X11; Ubuntu; Linux x86_64; rv:88.0) Gecko/20100101 Firefox/88.0'),connection('keep-alive'),if_modified_since('Wed, 02 Jun 2021 23:02:26 GMT'),cache_control('max-age=0')]).
completed(13, 0.00066255, 0, 304, not_modified).
/*Wed Jun  2 23:13:47 2021*/ request(14, 1622686427.320, [peer(ip(127,0,0,1)),method(get),request_uri('/produtos?'),path('/produtos'),search([]),http_version(1-1),host(localhost),port(8000),user_agent('Mozilla/5.0 (X11; Ubuntu; Linux x86_64; rv:88.0) Gecko/20100101 Firefox/88.0'),connection('keep-alive'),referer('http://localhost:8000/produtos'),upgrade_insecure_requests('1')]).
completed(14, 0.0019356919999999993, 715, 200, ok).
/*Wed Jun  2 23:13:47 2021*/ request(15, 1622686427.541, [peer(ip(127,0,0,1)),method(get),request_uri('/css/bootstrap.min.css'),path('/css/bootstrap.min.css'),http_version(1-1),host(localhost),port(8000),user_agent('Mozilla/5.0 (X11; Ubuntu; Linux x86_64; rv:88.0) Gecko/20100101 Firefox/88.0'),connection('keep-alive'),referer('http://localhost:8000/produtos?'),if_modified_since('Wed, 02 Jun 2021 23:02:26 GMT')]).
completed(15, 0.0006974459999999974, 0, 304, not_modified).
/*Wed Jun  2 23:13:47 2021*/ request(16, 1622686427.543, [peer(ip(127,0,0,1)),method(get),request_uri('/js/bootstrap.bundle.min.js'),path('/js/bootstrap.bundle.min.js'),http_version(1-1),host(localhost),port(8000),user_agent('Mozilla/5.0 (X11; Ubuntu; Linux x86_64; rv:88.0) Gecko/20100101 Firefox/88.0'),connection('keep-alive'),referer('http://localhost:8000/produtos?'),if_modified_since('Wed, 02 Jun 2021 23:02:26 GMT')]).
completed(16, 0.0005140800000000001, 0, 304, not_modified).
/*Wed Jun  2 23:13:47 2021*/ request(17, 1622686427.749, [peer(ip(127,0,0,1)),method(get),request_uri('/js/bootstrap.bundle.min.js.map'),path('/js/bootstrap.bundle.min.js.map'),http_version(1-1),host(localhost),port(8000),user_agent('Mozilla/5.0 (X11; Ubuntu; Linux x86_64; rv:88.0) Gecko/20100101 Firefox/88.0'),connection('keep-alive'),if_modified_since('Wed, 02 Jun 2021 23:02:26 GMT'),cache_control('max-age=0')]).
completed(17, 0.0007403169999999999, 0, 304, not_modified).
/*Wed Jun  2 23:13:48 2021*/ request(18, 1622686428.314, [peer(ip(127,0,0,1)),method(get),request_uri('/css/bootstrap.min.css.map'),path('/css/bootstrap.min.css.map'),http_version(1-1),host(localhost),port(8000),user_agent('Mozilla/5.0 (X11; Ubuntu; Linux x86_64; rv:88.0) Gecko/20100101 Firefox/88.0'),connection('keep-alive'),if_modified_since('Wed, 02 Jun 2021 23:02:26 GMT'),cache_control('max-age=0')]).
completed(18, 0.0006613840000000001, 0, 304, not_modified).
/*Wed Jun  2 23:13:51 2021*/ request(19, 1622686431.300, [peer(ip(127,0,0,1)),method(get),request_uri('/produtos?'),path('/produtos'),search([]),http_version(1-1),host(localhost),port(8000),user_agent('Mozilla/5.0 (X11; Ubuntu; Linux x86_64; rv:88.0) Gecko/20100101 Firefox/88.0'),connection('keep-alive'),referer('http://localhost:8000/produtos?'),upgrade_insecure_requests('1')]).
completed(19, 0.001420663999999995, 715, 200, ok).
/*Wed Jun  2 23:13:51 2021*/ request(20, 1622686431.512, [peer(ip(127,0,0,1)),method(get),request_uri('/css/bootstrap.min.css'),path('/css/bootstrap.min.css'),http_version(1-1),host(localhost),port(8000),user_agent('Mozilla/5.0 (X11; Ubuntu; Linux x86_64; rv:88.0) Gecko/20100101 Firefox/88.0'),connection('keep-alive'),referer('http://localhost:8000/produtos?'),if_modified_since('Wed, 02 Jun 2021 23:02:26 GMT')]).
completed(20, 0.0006618320000000002, 0, 304, not_modified).
/*Wed Jun  2 23:13:51 2021*/ request(21, 1622686431.517, [peer(ip(127,0,0,1)),method(get),request_uri('/js/bootstrap.bundle.min.js'),path('/js/bootstrap.bundle.min.js'),http_version(1-1),host(localhost),port(8000),user_agent('Mozilla/5.0 (X11; Ubuntu; Linux x86_64; rv:88.0) Gecko/20100101 Firefox/88.0'),connection('keep-alive'),referer('http://localhost:8000/produtos?'),if_modified_since('Wed, 02 Jun 2021 23:02:26 GMT')]).
completed(21, 0.0005322439999999994, 0, 304, not_modified).
/*Wed Jun  2 23:13:51 2021*/ request(22, 1622686431.726, [peer(ip(127,0,0,1)),method(get),request_uri('/js/bootstrap.bundle.min.js.map'),path('/js/bootstrap.bundle.min.js.map'),http_version(1-1),host(localhost),port(8000),user_agent('Mozilla/5.0 (X11; Ubuntu; Linux x86_64; rv:88.0) Gecko/20100101 Firefox/88.0'),connection('keep-alive'),if_modified_since('Wed, 02 Jun 2021 23:02:26 GMT'),cache_control('max-age=0')]).
completed(22, 0.000623612, 0, 304, not_modified).
/*Wed Jun  2 23:13:52 2021*/ request(23, 1622686432.128, [peer(ip(127,0,0,1)),method(get),request_uri('/css/bootstrap.min.css.map'),path('/css/bootstrap.min.css.map'),http_version(1-1),host(localhost),port(8000),user_agent('Mozilla/5.0 (X11; Ubuntu; Linux x86_64; rv:88.0) Gecko/20100101 Firefox/88.0'),connection('keep-alive'),if_modified_since('Wed, 02 Jun 2021 23:02:26 GMT'),cache_control('max-age=0')]).
completed(23, 0.0006526639999999998, 0, 304, not_modified).
/*Wed Jun  2 23:14:02 2021*/ request(24, 1622686442.578, [peer(ip(127,0,0,1)),method(get),request_uri('/produtos?'),path('/produtos'),search([]),http_version(1-1),host(localhost),port(8000),user_agent('Mozilla/5.0 (X11; Ubuntu; Linux x86_64; rv:88.0) Gecko/20100101 Firefox/88.0'),connection('keep-alive'),referer('http://localhost:8000/produtos?'),upgrade_insecure_requests('1')]).
completed(24, 0.0013585989999999994, 715, 200, ok).
/*Wed Jun  2 23:14:02 2021*/ request(25, 1622686442.802, [peer(ip(127,0,0,1)),method(get),request_uri('/css/bootstrap.min.css'),path('/css/bootstrap.min.css'),http_version(1-1),host(localhost),port(8000),user_agent('Mozilla/5.0 (X11; Ubuntu; Linux x86_64; rv:88.0) Gecko/20100101 Firefox/88.0'),connection('keep-alive'),referer('http://localhost:8000/produtos?'),if_modified_since('Wed, 02 Jun 2021 23:02:26 GMT')]).
completed(25, 0.0008385609999999998, 0, 304, not_modified).
/*Wed Jun  2 23:14:02 2021*/ request(26, 1622686442.805, [peer(ip(127,0,0,1)),method(get),request_uri('/js/bootstrap.bundle.min.js'),path('/js/bootstrap.bundle.min.js'),http_version(1-1),host(localhost),port(8000),user_agent('Mozilla/5.0 (X11; Ubuntu; Linux x86_64; rv:88.0) Gecko/20100101 Firefox/88.0'),connection('keep-alive'),referer('http://localhost:8000/produtos?'),if_modified_since('Wed, 02 Jun 2021 23:02:26 GMT')]).
completed(26, 0.0005140470000000001, 0, 304, not_modified).
/*Wed Jun  2 23:14:03 2021*/ request(27, 1622686443.139, [peer(ip(127,0,0,1)),method(get),request_uri('/js/bootstrap.bundle.min.js.map'),path('/js/bootstrap.bundle.min.js.map'),http_version(1-1),host(localhost),port(8000),user_agent('Mozilla/5.0 (X11; Ubuntu; Linux x86_64; rv:88.0) Gecko/20100101 Firefox/88.0'),connection('keep-alive'),if_modified_since('Wed, 02 Jun 2021 23:02:26 GMT'),cache_control('max-age=0')]).
completed(27, 0.0006341339999999997, 0, 304, not_modified).
/*Wed Jun  2 23:14:03 2021*/ request(28, 1622686443.741, [peer(ip(127,0,0,1)),method(get),request_uri('/css/bootstrap.min.css.map'),path('/css/bootstrap.min.css.map'),http_version(1-1),host(localhost),port(8000),user_agent('Mozilla/5.0 (X11; Ubuntu; Linux x86_64; rv:88.0) Gecko/20100101 Firefox/88.0'),connection('keep-alive'),if_modified_since('Wed, 02 Jun 2021 23:02:26 GMT'),cache_control('max-age=0')]).
completed(28, 0.0007887910000000005, 0, 304, not_modified).
/*Wed Jun  2 23:14:14 2021*/ request(29, 1622686454.232, [peer(ip(127,0,0,1)),method(get),request_uri('/produtos?'),path('/produtos'),search([]),http_version(1-1),host(localhost),port(8000),user_agent('Mozilla/5.0 (X11; Ubuntu; Linux x86_64; rv:88.0) Gecko/20100101 Firefox/88.0'),connection('keep-alive'),referer('http://localhost:8000/produtos?'),upgrade_insecure_requests('1')]).
completed(29, 0.0012579770000000004, 715, 200, ok).
/*Wed Jun  2 23:14:14 2021*/ request(30, 1622686454.519, [peer(ip(127,0,0,1)),method(get),request_uri('/css/bootstrap.min.css'),path('/css/bootstrap.min.css'),http_version(1-1),host(localhost),port(8000),user_agent('Mozilla/5.0 (X11; Ubuntu; Linux x86_64; rv:88.0) Gecko/20100101 Firefox/88.0'),connection('keep-alive'),referer('http://localhost:8000/produtos?'),if_modified_since('Wed, 02 Jun 2021 23:02:26 GMT')]).
completed(30, 0.0006809160000000002, 0, 304, not_modified).
/*Wed Jun  2 23:14:14 2021*/ request(31, 1622686454.523, [peer(ip(127,0,0,1)),method(get),request_uri('/js/bootstrap.bundle.min.js'),path('/js/bootstrap.bundle.min.js'),http_version(1-1),host(localhost),port(8000),user_agent('Mozilla/5.0 (X11; Ubuntu; Linux x86_64; rv:88.0) Gecko/20100101 Firefox/88.0'),connection('keep-alive'),referer('http://localhost:8000/produtos?'),if_modified_since('Wed, 02 Jun 2021 23:02:26 GMT')]).
completed(31, 0.0004897790000000027, 0, 304, not_modified).
/*Wed Jun  2 23:14:14 2021*/ request(32, 1622686454.748, [peer(ip(127,0,0,1)),method(get),request_uri('/js/bootstrap.bundle.min.js.map'),path('/js/bootstrap.bundle.min.js.map'),http_version(1-1),host(localhost),port(8000),user_agent('Mozilla/5.0 (X11; Ubuntu; Linux x86_64; rv:88.0) Gecko/20100101 Firefox/88.0'),connection('keep-alive'),if_modified_since('Wed, 02 Jun 2021 23:02:26 GMT'),cache_control('max-age=0')]).
completed(32, 0.0007067649999999998, 0, 304, not_modified).
/*Wed Jun  2 23:14:15 2021*/ request(33, 1622686455.543, [peer(ip(127,0,0,1)),method(get),request_uri('/css/bootstrap.min.css.map'),path('/css/bootstrap.min.css.map'),http_version(1-1),host(localhost),port(8000),user_agent('Mozilla/5.0 (X11; Ubuntu; Linux x86_64; rv:88.0) Gecko/20100101 Firefox/88.0'),connection('keep-alive'),if_modified_since('Wed, 02 Jun 2021 23:02:26 GMT'),cache_control('max-age=0')]).
completed(33, 0.0006217219999999999, 0, 304, not_modified).
/*Wed Jun  2 23:14:16 2021*/ request(34, 1622686456.603, [peer(ip(127,0,0,1)),method(get),request_uri('/produtos?'),path('/produtos'),search([]),http_version(1-1),host(localhost),port(8000),user_agent('Mozilla/5.0 (X11; Ubuntu; Linux x86_64; rv:88.0) Gecko/20100101 Firefox/88.0'),connection('keep-alive'),referer('http://localhost:8000/produtos?'),upgrade_insecure_requests('1')]).
completed(34, 0.0012372620000000011, 715, 200, ok).
/*Wed Jun  2 23:14:16 2021*/ request(35, 1622686456.939, [peer(ip(127,0,0,1)),method(get),request_uri('/css/bootstrap.min.css'),path('/css/bootstrap.min.css'),http_version(1-1),host(localhost),port(8000),user_agent('Mozilla/5.0 (X11; Ubuntu; Linux x86_64; rv:88.0) Gecko/20100101 Firefox/88.0'),connection('keep-alive'),referer('http://localhost:8000/produtos?'),if_modified_since('Wed, 02 Jun 2021 23:02:26 GMT')]).
completed(35, 0.0006351469999999991, 0, 304, not_modified).
/*Wed Jun  2 23:14:16 2021*/ request(36, 1622686456.959, [peer(ip(127,0,0,1)),method(get),request_uri('/js/bootstrap.bundle.min.js'),path('/js/bootstrap.bundle.min.js'),http_version(1-1),host(localhost),port(8000),user_agent('Mozilla/5.0 (X11; Ubuntu; Linux x86_64; rv:88.0) Gecko/20100101 Firefox/88.0'),connection('keep-alive'),referer('http://localhost:8000/produtos?'),if_modified_since('Wed, 02 Jun 2021 23:02:26 GMT')]).
completed(36, 0.0006823930000000034, 0, 304, not_modified).
/*Wed Jun  2 23:14:17 2021*/ request(37, 1622686457.209, [peer(ip(127,0,0,1)),method(get),request_uri('/js/bootstrap.bundle.min.js.map'),path('/js/bootstrap.bundle.min.js.map'),http_version(1-1),host(localhost),port(8000),user_agent('Mozilla/5.0 (X11; Ubuntu; Linux x86_64; rv:88.0) Gecko/20100101 Firefox/88.0'),connection('keep-alive'),if_modified_since('Wed, 02 Jun 2021 23:02:26 GMT'),cache_control('max-age=0')]).
completed(37, 0.000650903999999999, 0, 304, not_modified).
/*Wed Jun  2 23:14:17 2021*/ request(38, 1622686457.760, [peer(ip(127,0,0,1)),method(get),request_uri('/css/bootstrap.min.css.map'),path('/css/bootstrap.min.css.map'),http_version(1-1),host(localhost),port(8000),user_agent('Mozilla/5.0 (X11; Ubuntu; Linux x86_64; rv:88.0) Gecko/20100101 Firefox/88.0'),connection('keep-alive'),if_modified_since('Wed, 02 Jun 2021 23:02:26 GMT'),cache_control('max-age=0')]).
completed(38, 0.0006492889999999991, 0, 304, not_modified).
/*Wed Jun  2 23:14:18 2021*/ request(39, 1622686458.981, [peer(ip(127,0,0,1)),method(get),request_uri('/css/bootstrap.min.css.map'),path('/css/bootstrap.min.css.map'),http_version(1-1),host(localhost),port(8000),user_agent('Mozilla/5.0 (X11; Ubuntu; Linux x86_64; rv:88.0) Gecko/20100101 Firefox/88.0'),connection('keep-alive'),if_modified_since('Wed, 02 Jun 2021 23:02:26 GMT'),cache_control('max-age=0')]).
completed(39, 0.0006132819999999997, 0, 304, not_modified).
server(stopped, 1622686517).
server(started, 1622686838).
/*Wed Jun  2 23:20:38 2021*/ request(1, 1622686838.473, [peer(ip(127,0,0,1)),method(get),request_uri(/),path(/),http_version(1-1),host(localhost),port(8000),user_agent('Mozilla/5.0 (X11; Ubuntu; Linux x86_64; rv:88.0) Gecko/20100101 Firefox/88.0'),connection('keep-alive'),upgrade_insecure_requests('1')]).
completed(1, 0.027776292999999997, 870, 200, ok).
/*Wed Jun  2 23:20:38 2021*/ request(2, 1622686838.727, [peer(ip(127,0,0,1)),method(get),request_uri('/css/all.min.css'),path('/css/all.min.css'),http_version(1-1),host(localhost),port(8000),user_agent('Mozilla/5.0 (X11; Ubuntu; Linux x86_64; rv:88.0) Gecko/20100101 Firefox/88.0'),connection('keep-alive'),referer('http://localhost:8000/'),if_modified_since('Wed, 02 Jun 2021 23:02:26 GMT')]).
completed(2, 0.0041225260000000005, 0, 304, not_modified).
/*Wed Jun  2 23:20:38 2021*/ request(3, 1622686838.741, [peer(ip(127,0,0,1)),method(get),request_uri('/css/bootstrap.min.css'),path('/css/bootstrap.min.css'),http_version(1-1),host(localhost),port(8000),user_agent('Mozilla/5.0 (X11; Ubuntu; Linux x86_64; rv:88.0) Gecko/20100101 Firefox/88.0'),connection('keep-alive'),referer('http://localhost:8000/'),if_modified_since('Wed, 02 Jun 2021 23:02:26 GMT')]).
completed(3, 0.0007020989999999977, 0, 304, not_modified).
/*Wed Jun  2 23:20:38 2021*/ request(4, 1622686838.747, [peer(ip(127,0,0,1)),method(get),request_uri('/js/bookmark.js'),path('/js/bookmark.js'),http_version(1-1),host(localhost),port(8000),user_agent('Mozilla/5.0 (X11; Ubuntu; Linux x86_64; rv:88.0) Gecko/20100101 Firefox/88.0'),connection('keep-alive'),referer('http://localhost:8000/'),if_modified_since('Wed, 02 Jun 2021 23:02:26 GMT')]).
completed(4, 0.000816203, 0, 304, not_modified).
/*Wed Jun  2 23:20:38 2021*/ request(5, 1622686838.751, [peer(ip(127,0,0,1)),method(get),request_uri('/js/rest.js'),path('/js/rest.js'),http_version(1-1),host(localhost),port(8000),user_agent('Mozilla/5.0 (X11; Ubuntu; Linux x86_64; rv:88.0) Gecko/20100101 Firefox/88.0'),connection('keep-alive'),referer('http://localhost:8000/'),if_modified_since('Wed, 02 Jun 2021 23:02:26 GMT')]).
completed(5, 0.00045933500000000017, 0, 304, not_modified).
/*Wed Jun  2 23:20:38 2021*/ request(6, 1622686838.754, [peer(ip(127,0,0,1)),method(get),request_uri('/js/bootstrap.bundle.min.js'),path('/js/bootstrap.bundle.min.js'),http_version(1-1),host(localhost),port(8000),user_agent('Mozilla/5.0 (X11; Ubuntu; Linux x86_64; rv:88.0) Gecko/20100101 Firefox/88.0'),connection('keep-alive'),referer('http://localhost:8000/'),if_modified_since('Wed, 02 Jun 2021 23:02:26 GMT')]).
completed(6, 0.00047508199999999993, 0, 304, not_modified).
/*Wed Jun  2 23:20:39 2021*/ request(7, 1622686839.975, [peer(ip(127,0,0,1)),method(get),request_uri('/produtos'),path('/produtos'),http_version(1-1),host(localhost),port(8000),user_agent('Mozilla/5.0 (X11; Ubuntu; Linux x86_64; rv:88.0) Gecko/20100101 Firefox/88.0'),connection('keep-alive'),referer('http://localhost:8000/'),upgrade_insecure_requests('1')]).
completed(7, 0.0017050670000000002, 1734, 200, ok).
/*Wed Jun  2 23:20:40 2021*/ request(8, 1622686840.142, [peer(ip(127,0,0,1)),method(get),request_uri('/css/bootstrap.min.css'),path('/css/bootstrap.min.css'),http_version(1-1),host(localhost),port(8000),user_agent('Mozilla/5.0 (X11; Ubuntu; Linux x86_64; rv:88.0) Gecko/20100101 Firefox/88.0'),connection('keep-alive'),referer('http://localhost:8000/produtos'),if_modified_since('Wed, 02 Jun 2021 23:02:26 GMT')]).
completed(8, 0.000847085, 0, 304, not_modified).
/*Wed Jun  2 23:20:40 2021*/ request(9, 1622686840.169, [peer(ip(127,0,0,1)),method(get),request_uri('/js/bootstrap.bundle.min.js'),path('/js/bootstrap.bundle.min.js'),http_version(1-1),host(localhost),port(8000),user_agent('Mozilla/5.0 (X11; Ubuntu; Linux x86_64; rv:88.0) Gecko/20100101 Firefox/88.0'),connection('keep-alive'),referer('http://localhost:8000/produtos'),if_modified_since('Wed, 02 Jun 2021 23:02:26 GMT')]).
completed(9, 0.0006398250000000001, 0, 304, not_modified).
/*Wed Jun  2 23:20:42 2021*/ request(10, 1622686842.972, [peer(ip(127,0,0,1)),method(post),request_uri('/api/v1/produtos/'),path('/api/v1/produtos/'),http_version(1-1),host(localhost),port(8000),user_agent('Mozilla/5.0 (X11; Ubuntu; Linux x86_64; rv:88.0) Gecko/20100101 Firefox/88.0'),content_type('application/x-www-form-urlencoded'),content_length(85),origin('http://localhost:8000'),connection('keep-alive'),referer('http://localhost:8000/produtos'),upgrade_insecure_requests('1')]).
completed(10, 0.002747019, 365, 404, error(404,'/api/v1/produtos/')).
server(stopped, 1622687256).
server(started, 1622687269).
/*Wed Jun  2 23:27:49 2021*/ request(1, 1622687269.381, [peer(ip(127,0,0,1)),method(get),request_uri(/),path(/),http_version(1-1),host(localhost),port(8000),user_agent('Mozilla/5.0 (X11; Ubuntu; Linux x86_64; rv:88.0) Gecko/20100101 Firefox/88.0'),connection('keep-alive'),upgrade_insecure_requests('1')]).
completed(1, 0.026026689, 870, 200, ok).
/*Wed Jun  2 23:27:49 2021*/ request(2, 1622687269.511, [peer(ip(127,0,0,1)),method(get),request_uri('/css/all.min.css'),path('/css/all.min.css'),http_version(1-1),host(localhost),port(8000),user_agent('Mozilla/5.0 (X11; Ubuntu; Linux x86_64; rv:88.0) Gecko/20100101 Firefox/88.0'),connection('keep-alive'),referer('http://localhost:8000/'),if_modified_since('Wed, 02 Jun 2021 23:02:26 GMT')]).
completed(2, 0.00258402, 0, 304, not_modified).
/*Wed Jun  2 23:27:49 2021*/ request(3, 1622687269.527, [peer(ip(127,0,0,1)),method(get),request_uri('/css/bootstrap.min.css'),path('/css/bootstrap.min.css'),http_version(1-1),host(localhost),port(8000),user_agent('Mozilla/5.0 (X11; Ubuntu; Linux x86_64; rv:88.0) Gecko/20100101 Firefox/88.0'),connection('keep-alive'),referer('http://localhost:8000/'),if_modified_since('Wed, 02 Jun 2021 23:02:26 GMT')]).
completed(3, 0.0009158060000000001, 0, 304, not_modified).
/*Wed Jun  2 23:27:49 2021*/ request(4, 1622687269.531, [peer(ip(127,0,0,1)),method(get),request_uri('/js/bookmark.js'),path('/js/bookmark.js'),http_version(1-1),host(localhost),port(8000),user_agent('Mozilla/5.0 (X11; Ubuntu; Linux x86_64; rv:88.0) Gecko/20100101 Firefox/88.0'),connection('keep-alive'),referer('http://localhost:8000/'),if_modified_since('Wed, 02 Jun 2021 23:02:26 GMT')]).
completed(4, 0.000736488, 0, 304, not_modified).
/*Wed Jun  2 23:27:49 2021*/ request(5, 1622687269.538, [peer(ip(127,0,0,1)),method(get),request_uri('/js/rest.js'),path('/js/rest.js'),http_version(1-1),host(localhost),port(8000),user_agent('Mozilla/5.0 (X11; Ubuntu; Linux x86_64; rv:88.0) Gecko/20100101 Firefox/88.0'),connection('keep-alive'),referer('http://localhost:8000/'),if_modified_since('Wed, 02 Jun 2021 23:02:26 GMT')]).
completed(5, 0.000604296, 0, 304, not_modified).
/*Wed Jun  2 23:27:49 2021*/ request(6, 1622687269.541, [peer(ip(127,0,0,1)),method(get),request_uri('/js/bootstrap.bundle.min.js'),path('/js/bootstrap.bundle.min.js'),http_version(1-1),host(localhost),port(8000),user_agent('Mozilla/5.0 (X11; Ubuntu; Linux x86_64; rv:88.0) Gecko/20100101 Firefox/88.0'),connection('keep-alive'),referer('http://localhost:8000/'),if_modified_since('Wed, 02 Jun 2021 23:02:26 GMT')]).
completed(6, 0.0007108010000000001, 0, 304, not_modified).
/*Wed Jun  2 23:27:50 2021*/ request(7, 1622687270.706, [peer(ip(127,0,0,1)),method(get),request_uri('/produtos'),path('/produtos'),http_version(1-1),host(localhost),port(8000),user_agent('Mozilla/5.0 (X11; Ubuntu; Linux x86_64; rv:88.0) Gecko/20100101 Firefox/88.0'),connection('keep-alive'),referer('http://localhost:8000/'),upgrade_insecure_requests('1')]).
completed(7, 0.001367277, 1734, 200, ok).
/*Wed Jun  2 23:27:50 2021*/ request(8, 1622687270.775, [peer(ip(127,0,0,1)),method(get),request_uri('/css/bootstrap.min.css'),path('/css/bootstrap.min.css'),http_version(1-1),host(localhost),port(8000),user_agent('Mozilla/5.0 (X11; Ubuntu; Linux x86_64; rv:88.0) Gecko/20100101 Firefox/88.0'),connection('keep-alive'),referer('http://localhost:8000/produtos'),if_modified_since('Wed, 02 Jun 2021 23:02:26 GMT')]).
completed(8, 0.0006150380000000003, 0, 304, not_modified).
/*Wed Jun  2 23:27:50 2021*/ request(9, 1622687270.778, [peer(ip(127,0,0,1)),method(get),request_uri('/js/bootstrap.bundle.min.js'),path('/js/bootstrap.bundle.min.js'),http_version(1-1),host(localhost),port(8000),user_agent('Mozilla/5.0 (X11; Ubuntu; Linux x86_64; rv:88.0) Gecko/20100101 Firefox/88.0'),connection('keep-alive'),referer('http://localhost:8000/produtos'),if_modified_since('Wed, 02 Jun 2021 23:02:26 GMT')]).
completed(9, 0.000704004, 0, 304, not_modified).
/*Wed Jun  2 23:27:51 2021*/ request(10, 1622687271.722, [peer(ip(127,0,0,1)),method(post),request_uri('/api/v1/produtos/'),path('/api/v1/produtos/'),http_version(1-1),host(localhost),port(8000),user_agent('Mozilla/5.0 (X11; Ubuntu; Linux x86_64; rv:88.0) Gecko/20100101 Firefox/88.0'),content_type('application/x-www-form-urlencoded'),content_length(85),origin('http://localhost:8000'),connection('keep-alive'),referer('http://localhost:8000/produtos'),upgrade_insecure_requests('1')]).
completed(10, 0.003444305, 444, 500, error("http_dispatch:call_action/2: Unknown procedure: produtos/3\n  However, there are definitions for:\n        produtos/1")).
server(stopped, 1622691129).
